app/build/intermediates/manifest_merge_blame_file/debug/manifest-merger-blame-debug-report.txt
1<?xml version="1.0" encoding="utf-8"?>
2<manifest xmlns:android="http://schemas.android.com/apk/res/android"
3    package="com.modifiedtermux"
4    android:installLocation="internalOnly"
5    android:sharedUserId="com.termux"
6    android:sharedUserLabel="@string/shared_user_label"
7    android:versionCode="118"
8    android:versionName="0.118.0" >
9
10    <uses-sdk
11        android:minSdkVersion="21"
11-->src\main\AndroidManifest.xml
12        android:targetSdkVersion="28" />
12-->src\main\AndroidManifest.xml
13
14    <uses-feature
14-->src\main\AndroidManifest.xml:9:5-11:36
15        android:name="android.hardware.touchscreen"
15-->src\main\AndroidManifest.xml:10:9-52
16        android:required="false" />
16-->src\main\AndroidManifest.xml:11:9-33
17    <uses-feature
17-->src\main\AndroidManifest.xml:12:5-14:36
18        android:name="android.software.leanback"
18-->src\main\AndroidManifest.xml:13:9-49
19        android:required="false" />
19-->src\main\AndroidManifest.xml:14:9-33
20
21    <permission
22        android:name="com.termux.permission.RUN_COMMAND"
22-->src\main\AndroidManifest.xml:17:9-69
23        android:description="@string/permission_run_command_description"
23-->src\main\AndroidManifest.xml:18:9-73
24        android:icon="@mipmap/ic_launcher"
24-->src\main\AndroidManifest.xml:19:9-43
25        android:label="@string/permission_run_command_label"
25-->src\main\AndroidManifest.xml:20:9-61
26        android:protectionLevel="dangerous" />
26-->src\main\AndroidManifest.xml:21:9-44
27
28    <uses-permission android:name="android.permission.ACCESS_NETWORK_STATE" />
28-->src\main\AndroidManifest.xml:23:5-79
28-->src\main\AndroidManifest.xml:23:22-76
29    <uses-permission android:name="android.permission.INTERNET" />
29-->src\main\AndroidManifest.xml:24:5-67
29-->src\main\AndroidManifest.xml:24:22-64
30    <uses-permission android:name="android.permission.READ_EXTERNAL_STORAGE" />
30-->src\main\AndroidManifest.xml:25:5-80
30-->src\main\AndroidManifest.xml:25:22-77
31    <uses-permission android:name="android.permission.WRITE_EXTERNAL_STORAGE" />
31-->src\main\AndroidManifest.xml:26:5-81
31-->src\main\AndroidManifest.xml:26:22-78
32    <uses-permission android:name="android.permission.MANAGE_EXTERNAL_STORAGE" />
32-->src\main\AndroidManifest.xml:27:5-111
32-->src\main\AndroidManifest.xml:27:22-79
33    <uses-permission android:name="android.permission.WAKE_LOCK" />
33-->src\main\AndroidManifest.xml:28:5-68
33-->src\main\AndroidManifest.xml:28:22-65
34    <uses-permission android:name="android.permission.VIBRATE" />
34-->src\main\AndroidManifest.xml:29:5-66
34-->src\main\AndroidManifest.xml:29:22-63
35    <uses-permission android:name="android.permission.FOREGROUND_SERVICE" />
35-->src\main\AndroidManifest.xml:30:5-77
35-->src\main\AndroidManifest.xml:30:22-74
36    <uses-permission android:name="android.permission.REQUEST_IGNORE_BATTERY_OPTIMIZATIONS" />
36-->src\main\AndroidManifest.xml:31:5-95
36-->src\main\AndroidManifest.xml:31:22-92
37    <uses-permission android:name="android.permission.SYSTEM_ALERT_WINDOW" />
37-->src\main\AndroidManifest.xml:32:5-78
37-->src\main\AndroidManifest.xml:32:22-75
38    <uses-permission android:name="android.permission.READ_LOGS" />
38-->src\main\AndroidManifest.xml:33:5-68
38-->src\main\AndroidManifest.xml:33:22-65
39    <uses-permission android:name="android.permission.DUMP" />
39-->src\main\AndroidManifest.xml:34:5-63
39-->src\main\AndroidManifest.xml:34:22-60
40    <uses-permission android:name="android.permission.WRITE_SECURE_SETTINGS" />
40-->src\main\AndroidManifest.xml:35:5-80
40-->src\main\AndroidManifest.xml:35:22-77
41    <uses-permission android:name="android.permission.REQUEST_INSTALL_PACKAGES" />
41-->src\main\AndroidManifest.xml:36:5-83
41-->src\main\AndroidManifest.xml:36:22-80
42    <uses-permission android:name="android.permission.RECEIVE_BOOT_COMPLETED" />
42-->src\main\AndroidManifest.xml:37:5-81
42-->src\main\AndroidManifest.xml:37:22-78
43    <uses-permission android:name="android.permission.PACKAGE_USAGE_STATS" />
43-->src\main\AndroidManifest.xml:38:5-114
43-->src\main\AndroidManifest.xml:38:22-75
44    <uses-permission android:name="com.android.alarm.permission.SET_ALARM" />
44-->src\main\AndroidManifest.xml:39:5-78
44-->src\main\AndroidManifest.xml:39:22-75
45
46    <application
46-->src\main\AndroidManifest.xml:41:5-225:19
47        android:name="com.termux.app.TermuxApplication"
47-->src\main\AndroidManifest.xml:42:9-46
48        android:allowBackup="false"
48-->src\main\AndroidManifest.xml:43:9-36
49        android:appComponentFactory="androidx.core.app.CoreComponentFactory"
49-->[androidx.core:core:1.6.0] AndroidManifest.xml:24:18-86
50        android:banner="@drawable/banner"
50-->src\main\AndroidManifest.xml:44:9-42
51        android:debuggable="true"
52        android:extractNativeLibs="true"
52-->src\main\AndroidManifest.xml:45:9-41
53        android:icon="@mipmap/ic_launcher"
53-->src\main\AndroidManifest.xml:46:9-43
54        android:label="@string/application_name"
54-->src\main\AndroidManifest.xml:47:9-49
55        android:requestLegacyExternalStorage="true"
55-->src\main\AndroidManifest.xml:48:9-52
56        android:roundIcon="@mipmap/ic_launcher_round"
56-->src\main\AndroidManifest.xml:49:9-54
57        android:supportsRtl="false"
57-->src\main\AndroidManifest.xml:50:9-36
58        android:testOnly="true"
59        android:theme="@style/Theme.TermuxApp.DayNight.DarkActionBar" >
59-->src\main\AndroidManifest.xml:51:9-70
60
61        <!-- 1. TU DASHBOARD COMO INICIO -->
62        <activity
62-->src\main\AndroidManifest.xml:55:9-65:20
63            android:name="com.termux.app.DashboardActivity"
63-->src\main\AndroidManifest.xml:56:13-50
64            android:exported="true"
64-->src\main\AndroidManifest.xml:57:13-36
65            android:launchMode="singleTask"
65-->src\main\AndroidManifest.xml:58:13-44
66            android:theme="@style/Theme.TermuxApp.DayNight.NoActionBar"
66-->src\main\AndroidManifest.xml:59:13-72
67            android:windowSoftInputMode="adjustResize" >
67-->src\main\AndroidManifest.xml:60:13-55
68            <intent-filter>
68-->src\main\AndroidManifest.xml:61:13-64:29
69                <action android:name="android.intent.action.MAIN" />
69-->src\main\AndroidManifest.xml:62:17-69
69-->src\main\AndroidManifest.xml:62:25-66
70
71                <category android:name="android.intent.category.LAUNCHER" />
71-->src\main\AndroidManifest.xml:63:17-77
71-->src\main\AndroidManifest.xml:63:27-74
72            </intent-filter>
73        </activity>
74
75        <!-- 2. TERMUX ORIGINAL (SECUNDARIO) -->
76        <activity
76-->src\main\AndroidManifest.xml:68:9-86:20
77            android:name="com.termux.app.TermuxActivity"
77-->src\main\AndroidManifest.xml:69:13-47
78            android:configChanges="orientation|screenSize|smallestScreenSize|density|screenLayout|keyboard|keyboardHidden|navigation"
78-->src\main\AndroidManifest.xml:71:13-134
79            android:exported="true"
79-->src\main\AndroidManifest.xml:70:13-36
80            android:label="@string/application_name"
80-->src\main\AndroidManifest.xml:72:13-53
81            android:launchMode="singleTask"
81-->src\main\AndroidManifest.xml:73:13-44
82            android:resizeableActivity="true"
82-->src\main\AndroidManifest.xml:74:13-46
83            android:theme="@style/Theme.TermuxActivity.DayNight.NoActionBar" >
83-->src\main\AndroidManifest.xml:75:13-77
84            <intent-filter>
84-->src\main\AndroidManifest.xml:78:13-81:29
85                <action android:name="android.intent.action.MAIN" />
85-->src\main\AndroidManifest.xml:62:17-69
85-->src\main\AndroidManifest.xml:62:25-66
86
87                <category android:name="android.intent.category.LEANBACK_LAUNCHER" />
87-->src\main\AndroidManifest.xml:80:17-86
87-->src\main\AndroidManifest.xml:80:27-83
88            </intent-filter>
89
90            <meta-data
90-->src\main\AndroidManifest.xml:83:13-85:53
91                android:name="android.app.shortcuts"
91-->src\main\AndroidManifest.xml:84:17-53
92                android:resource="@xml/shortcuts" />
92-->src\main\AndroidManifest.xml:85:17-50
93        </activity>
94
95        <activity-alias
95-->src\main\AndroidManifest.xml:88:9-97:26
96            android:name="com.termux.HomeActivity"
96-->src\main\AndroidManifest.xml:89:13-41
97            android:exported="true"
97-->src\main\AndroidManifest.xml:90:13-36
98            android:targetActivity="com.termux.app.TermuxActivity" >
98-->src\main\AndroidManifest.xml:91:13-57
99            <intent-filter>
99-->src\main\AndroidManifest.xml:92:13-96:29
100                <action android:name="android.intent.action.MAIN" />
100-->src\main\AndroidManifest.xml:62:17-69
100-->src\main\AndroidManifest.xml:62:25-66
101
102                <category android:name="android.intent.category.IOT_LAUNCHER" />
102-->src\main\AndroidManifest.xml:94:17-81
102-->src\main\AndroidManifest.xml:94:27-78
103                <category android:name="android.intent.category.DEFAULT" />
103-->src\main\AndroidManifest.xml:95:17-76
103-->src\main\AndroidManifest.xml:95:27-73
104            </intent-filter>
105        </activity-alias>
106
107        <activity
107-->src\main\AndroidManifest.xml:99:9-105:35
108            android:name="com.termux.app.activities.HelpActivity"
108-->src\main\AndroidManifest.xml:100:13-56
109            android:exported="false"
109-->src\main\AndroidManifest.xml:101:13-37
110            android:label="@string/application_name"
110-->src\main\AndroidManifest.xml:102:13-53
111            android:parentActivityName="com.termux.app.TermuxActivity"
111-->src\main\AndroidManifest.xml:103:13-61
112            android:resizeableActivity="true" />
112-->src\main\AndroidManifest.xml:104:13-46
113        <activity
113-->src\main\AndroidManifest.xml:107:9-111:75
114            android:name="com.termux.app.activities.SettingsActivity"
114-->src\main\AndroidManifest.xml:108:13-60
115            android:exported="true"
115-->src\main\AndroidManifest.xml:109:13-36
116            android:label="@string/title_activity_termux_settings"
116-->src\main\AndroidManifest.xml:110:13-67
117            android:theme="@style/Theme.TermuxApp.DayNight.NoActionBar" />
117-->src\main\AndroidManifest.xml:111:13-72
118        <activity
118-->src\main\AndroidManifest.xml:113:9-116:57
119            android:name="com.termux.shared.activities.ReportActivity"
119-->src\main\AndroidManifest.xml:114:13-61
120            android:documentLaunchMode="intoExisting"
120-->src\main\AndroidManifest.xml:116:13-54
121            android:theme="@style/Theme.MarkdownViewActivity.DayNight" />
121-->src\main\AndroidManifest.xml:115:13-71
122        <activity
123            android:name="com.termux.app.api.file.FileReceiverActivity"
123-->src\main\AndroidManifest.xml:119:13-62
124            android:excludeFromRecents="true"
124-->src\main\AndroidManifest.xml:120:13-46
125            android:exported="false"
125-->src\main\AndroidManifest.xml:121:13-37
126            android:noHistory="true"
126-->src\main\AndroidManifest.xml:122:13-37
127            android:resizeableActivity="true"
127-->src\main\AndroidManifest.xml:123:13-46
128            android:taskAffinity="com.termux.filereceiver" >
128-->src\main\AndroidManifest.xml:124:13-71
129        </activity>
130
131        <activity-alias
131-->src\main\AndroidManifest.xml:145:9-158:26
132            android:name="com.termux.app.api.file.FileViewReceiverActivity"
132-->src\main\AndroidManifest.xml:146:13-66
133            android:exported="true"
133-->src\main\AndroidManifest.xml:147:13-36
134            android:targetActivity="com.termux.app.api.file.FileReceiverActivity" >
134-->src\main\AndroidManifest.xml:148:13-72
135            <intent-filter>
135-->src\main\AndroidManifest.xml:149:13-157:29
136                <action android:name="android.intent.action.VIEW" />
136-->src\main\AndroidManifest.xml:150:17-69
136-->src\main\AndroidManifest.xml:150:25-66
137
138                <category android:name="android.intent.category.DEFAULT" />
138-->src\main\AndroidManifest.xml:95:17-76
138-->src\main\AndroidManifest.xml:95:27-73
139
140                <data android:mimeType="application/*" />
140-->src\main\AndroidManifest.xml:135:17-58
140-->src\main\AndroidManifest.xml:135:23-55
141                <data android:mimeType="audio/*" />
141-->src\main\AndroidManifest.xml:135:17-58
141-->src\main\AndroidManifest.xml:135:23-55
142                <data android:mimeType="image/*" />
142-->src\main\AndroidManifest.xml:135:17-58
142-->src\main\AndroidManifest.xml:135:23-55
143                <data android:mimeType="text/*" />
143-->src\main\AndroidManifest.xml:135:17-58
143-->src\main\AndroidManifest.xml:135:23-55
144                <data android:mimeType="video/*" />
144-->src\main\AndroidManifest.xml:135:17-58
144-->src\main\AndroidManifest.xml:135:23-55
145            </intent-filter>
146        </activity-alias>
147        <activity-alias
147-->src\main\AndroidManifest.xml:128:9-143:26
148            android:name="com.termux.app.api.file.FileShareReceiverActivity"
148-->src\main\AndroidManifest.xml:129:13-67
149            android:exported="true"
149-->src\main\AndroidManifest.xml:130:13-36
150            android:targetActivity="com.termux.app.api.file.FileReceiverActivity" >
150-->src\main\AndroidManifest.xml:131:13-72
151            <intent-filter>
151-->src\main\AndroidManifest.xml:132:13-142:29
152                <action android:name="android.intent.action.SEND" />
152-->src\main\AndroidManifest.xml:133:17-69
152-->src\main\AndroidManifest.xml:133:25-66
153
154                <category android:name="android.intent.category.DEFAULT" />
154-->src\main\AndroidManifest.xml:95:17-76
154-->src\main\AndroidManifest.xml:95:27-73
155
156                <data android:mimeType="application/*" />
156-->src\main\AndroidManifest.xml:135:17-58
156-->src\main\AndroidManifest.xml:135:23-55
157                <data android:mimeType="audio/*" />
157-->src\main\AndroidManifest.xml:135:17-58
157-->src\main\AndroidManifest.xml:135:23-55
158                <data android:mimeType="image/*" />
158-->src\main\AndroidManifest.xml:135:17-58
158-->src\main\AndroidManifest.xml:135:23-55
159                <data android:mimeType="message/*" />
159-->src\main\AndroidManifest.xml:135:17-58
159-->src\main\AndroidManifest.xml:135:23-55
160                <data android:mimeType="multipart/*" />
160-->src\main\AndroidManifest.xml:135:17-58
160-->src\main\AndroidManifest.xml:135:23-55
161                <data android:mimeType="text/*" />
161-->src\main\AndroidManifest.xml:135:17-58
161-->src\main\AndroidManifest.xml:135:23-55
162                <data android:mimeType="video/*" />
162-->src\main\AndroidManifest.xml:135:17-58
162-->src\main\AndroidManifest.xml:135:23-55
163            </intent-filter>
164        </activity-alias>
165
166        <!-- 3. CORRECCIÓN VITAL: Autoridades con nombre único -->
167        <provider
167-->src\main\AndroidManifest.xml:161:9-170:20
168            android:name="com.termux.filepicker.TermuxDocumentsProvider"
168-->src\main\AndroidManifest.xml:162:13-63
169            android:authorities="com.modifiedtermux.documents"
169-->src\main\AndroidManifest.xml:163:13-63
170            android:exported="true"
170-->src\main\AndroidManifest.xml:164:13-36
171            android:grantUriPermissions="true"
171-->src\main\AndroidManifest.xml:165:13-47
172            android:permission="android.permission.MANAGE_DOCUMENTS" >
172-->src\main\AndroidManifest.xml:166:13-69
173            <intent-filter>
173-->src\main\AndroidManifest.xml:167:13-169:29
174                <action android:name="android.content.action.DOCUMENTS_PROVIDER" />
174-->src\main\AndroidManifest.xml:168:17-84
174-->src\main\AndroidManifest.xml:168:25-81
175            </intent-filter>
176        </provider>
177
178        <!-- 4. CORRECCIÓN VITAL: Autoridades con nombre único -->
179        <provider
180            android:name="com.termux.app.TermuxOpenReceiver$ContentProvider"
180-->src\main\AndroidManifest.xml:174:13-67
181            android:authorities="com.modifiedtermux.files"
181-->src\main\AndroidManifest.xml:175:13-59
182            android:exported="true"
182-->src\main\AndroidManifest.xml:176:13-36
183            android:grantUriPermissions="true"
183-->src\main\AndroidManifest.xml:177:13-47
184            android:permission="com.termux.permission.RUN_COMMAND" />
184-->src\main\AndroidManifest.xml:178:13-79
185
186        <receiver
186-->src\main\AndroidManifest.xml:180:9-182:40
187            android:name="com.termux.app.TermuxOpenReceiver"
187-->src\main\AndroidManifest.xml:181:13-51
188            android:exported="false" />
188-->src\main\AndroidManifest.xml:182:13-37
189        <receiver
189-->src\main\AndroidManifest.xml:184:9-190:20
190            android:name="com.termux.app.event.SystemEventReceiver"
190-->src\main\AndroidManifest.xml:185:13-58
191            android:exported="false" >
191-->src\main\AndroidManifest.xml:186:13-37
192            <intent-filter>
192-->src\main\AndroidManifest.xml:187:13-189:29
193                <action android:name="android.intent.action.BOOT_COMPLETED" />
193-->src\main\AndroidManifest.xml:188:17-79
193-->src\main\AndroidManifest.xml:188:25-76
194            </intent-filter>
195        </receiver>
196        <receiver
196-->src\main\AndroidManifest.xml:192:9-194:40
197            android:name="com.termux.shared.activities.ReportActivity$ReportActivityBroadcastReceiver"
197-->src\main\AndroidManifest.xml:193:13-93
198            android:exported="false" />
198-->src\main\AndroidManifest.xml:194:13-37
199
200        <service
200-->src\main\AndroidManifest.xml:196:9-198:40
201            android:name="com.termux.app.TermuxService"
201-->src\main\AndroidManifest.xml:197:13-46
202            android:exported="false" />
202-->src\main\AndroidManifest.xml:198:13-37
203        <service
204            android:name="com.termux.app.RunCommandService"
204-->src\main\AndroidManifest.xml:201:13-50
205            android:exported="true"
205-->src\main\AndroidManifest.xml:202:13-36
206            android:permission="com.termux.permission.RUN_COMMAND" >
206-->src\main\AndroidManifest.xml:203:13-79
207            <intent-filter>
207-->src\main\AndroidManifest.xml:204:13-206:29
208                <action android:name="com.termux.RUN_COMMAND" />
208-->src\main\AndroidManifest.xml:205:25-74
209            </intent-filter>
210        </service>
211
212        <meta-data
212-->src\main\AndroidManifest.xml:209:9-211:36
213            android:name="android.max_aspect"
213-->src\main\AndroidManifest.xml:210:13-46
214            android:value="10.0" />
214-->src\main\AndroidManifest.xml:211:13-33
215        <meta-data
215-->src\main\AndroidManifest.xml:213:9-215:36
216            android:name="com.samsung.android.keepalive.density"
216-->src\main\AndroidManifest.xml:214:13-65
217            android:value="true" />
217-->src\main\AndroidManifest.xml:215:13-33
218        <meta-data
218-->src\main\AndroidManifest.xml:217:9-219:36
219            android:name="com.samsung.android.multidisplay.keep_process_alive"
219-->src\main\AndroidManifest.xml:218:13-79
220            android:value="true" />
220-->src\main\AndroidManifest.xml:219:13-33
221        <meta-data
221-->src\main\AndroidManifest.xml:221:9-223:36
222            android:name="com.sec.android.support.multiwindow"
222-->src\main\AndroidManifest.xml:222:13-63
223            android:value="true" />
223-->src\main\AndroidManifest.xml:223:13-33
224
225        <uses-library
225-->[androidx.window:window:1.0.0-alpha09] AndroidManifest.xml:25:9-27:40
226            android:name="androidx.window.extensions"
226-->[androidx.window:window:1.0.0-alpha09] AndroidManifest.xml:26:13-54
227            android:required="false" />
227-->[androidx.window:window:1.0.0-alpha09] AndroidManifest.xml:27:13-37
228        <uses-library
228-->[androidx.window:window:1.0.0-alpha09] AndroidManifest.xml:28:9-30:40
229            android:name="androidx.window.sidecar"
229-->[androidx.window:window:1.0.0-alpha09] AndroidManifest.xml:29:13-51
230            android:required="false" />
230-->[androidx.window:window:1.0.0-alpha09] AndroidManifest.xml:30:13-37
231    </application>
232
233</manifest>